==
|| Begin Execution of lookup in slurm batch script.
==
Running with array size 10000 on 4 cores
00 -> 0
100 -> 10000
200 -> 40000
300 -> 90000
400 -> 160000
500 -> 250000
600 -> 360000
700 -> 490000
800 -> 640000
900 -> 810000
1000 -> 1e+06
1100 -> 1.21e+06
1200 -> 1.44e+06
1300 -> 1.69e+06
1400 -> 1.96e+06
1500 -> 2.25e+06
1600 -> 2.56e+06
0 -> 0
100 -> 10000
200 -> 40000
300 -> 90000
400 -> 160000
500 -> 250000
600 -> 360000
700 -> 0 -> 0
100 -> 10000
200 -> 40000
300 -> 90000
400 -> 160000
500 -> 250000
600 -> 360000
700 -> 490000
800 -> 640000
900 -> 810000
1000 -> 1e+06
1100 -> 1.21e+06
1200 -> 1700 -> 2.89e+06
1800 -> 3.24e+06
1900 -> 3.61e+06
2000 -> 4e+06
2100 -> 4.41e+06
2200 -> 4.84e+06
2300 -> 5.29e+06
2400 -> 5.76e+06
490000
800 -> 640000
900 -> 810000
1000 -> 1e+06
1100 -> 1.21e+06
1200 -> 1.44e+06
1300 -> 1.69e+06
1400 -> 1.96e+06
1500 -> 2.25e+06
1600 -> 2.56e+06
1700 -> 2.89e+06
1800 -> 3.24e+06
1900 -> 3.61e+06
2000 -> 4e+06
2100 -> 4.41e+06
2200 -> 4.84e+06
1.44e+06
1300 -> 1.69e+06
1400 -> 1.96e+06
1500 -> 2.25e+06
1600 -> 2.56e+06
1700 -> 2.89e+06
1800 -> 3.24e+06
1900 -> 3.61e+06
2000 -> 4e+06
2100 -> 4.41e+06
2200 -> 4.84e+06
2300 -> 5.29e+06
2400 -> 5.76e+06
2300 -> 5.29e+06
2400 -> 5.76e+06
 -> 0
100 -> 10000
200 -> 40000
300 -> 90000
400 -> 160000
500 -> 250000
600 -> 360000
700 -> 490000
800 -> 640000
900 -> 810000
1000 -> 1e+06
1100 -> 1.21e+06
1200 -> 1.44e+06
1300 -> 1.69e+06
1400 -> 1.96e+06
1500 -> 2.25e+06
1600 -> 2.56e+06
1700 -> 2.89e+06
1800 -> 3.24e+06
1900 -> 3.61e+06
2000 -> 4e+06
2100 -> 4.41e+06
2200 -> 4.84e+06
2300 -> 5.29e+06
2400 -> 5.76e+06
==
|| Execution of lookup in slurm batch script complete.
==
