==
|| Begin Execution of lookup in slurm batch script.
==
Running with array size 10000 on 4 cores
(0) 0 -> 0
(1) 98 -> 9604
(2) 196 -> 38416
(3) 294 -> 86436
(4) 392 -> 153664
(5) 490 -> 240100
(6) 588 -> 345744
(7) 686 -> 470596
(8) 784 -> 614656
(9) 882 -> 777924
(10) 980 -> 960400
(11) 1078 -> 1.16208e+06
(12) 1176 -> 1.38298e+06
(13) 1274 -> 1.62308e+06
(14) 1372 -> 1.88238e+06
(15) 1470 -> 2.1609e+06
(16) 1568 -> 2.45862e+06
(17) 1666 -> 2.77556e+06
(18) 1764 -> 3.1117e+06
(19) 1862 -> 3.46704e+06
(20) 1960 -> 3.8416e+06
(21) 2058 -> 4.23536e+06
(22) 2156 -> 4.64834e+06
(23) 2254 -> 5.08052e+06
(24) 2352 -> 5.5319e+06
(25) 2450 -> 6.0025e+06
(26) 2548 -> 6.4923e+06
(27) 2646 -> 7.00132e+06
(28) 2744 -> 7.52954e+06
(29) 2842 -> 8.07696e+06
(30) 2940 -> 8.6436e+06
(31) 3038 -> 9.22944e+06
(32) 3136 -> 9.8345e+06
(33) 3234 -> 1.04588e+07
(34) 3332 -> 1.11022e+07
(35) 3430 -> 1.17649e+07
(36) 3528 -> 1.24468e+07
(37) 3626 -> 1.31479e+07
(38) 3724 -> 1.38682e+07
(39) 3822 -> 1.46077e+07
(40) 3920 -> 1.53664e+07
(41) 4018 -> 1.61443e+07
(42) 4116 -> 1.69415e+07
(43) 4214 -> 1.77578e+07
(44) 4312 -> 1.85933e+07
(45) 4410 -> 1.94481e+07
(46) 4508 -> 2.03221e+07
(47) 4606 -> 2.12152e+07
(48) 4704 -> 2.21276e+07
(49) 4802 -> 2.30592e+07
(50) 4900 -> 2.401e+07
(51) 4998 -> 2.498e+07
(52) 5096 -> 2.59692e+07
(53) 5194 -> 2.69776e+07
(54) 5292 -> 2.80053e+07
(55) 5390 -> 2.90521e+07
(56) 5488 -> 3.01181e+07
(57) 5586 -> 3.12034e+07
(58) 5684 -> 3.23079e+07
(59) 5782 -> 3.34315e+07
(60) 5880 -> 3.45744e+07
(61) 5978 -> 3.57365e+07
(62) 6076 -> 3.69178e+07
(63) 6174 -> 3.81183e+07
(64) 6272 -> 3.9338e+07
(65) 6370 -> 4.05769e+07
(66) 6468 -> 4.1835e+07
(67) 6566 -> 4.31124e+07
(68) 6664 -> 4.44089e+07
(69) 6762 -> 4.57246e+07
(70) 6860 -> 4.70596e+07
(71) 6958 -> 4.84138e+07
(72) 7056 -> 4.97871e+07
(73) 7154 -> 5.11797e+07
(74) 7252 -> 5.25915e+07
(75) 7350 -> 5.40225e+07
(76) 7448 -> 5.54727e+07
(77) 7546 -> 5.69421e+07
(78) 7644 -> 5.84307e+07
(79) 7742 -> 5.99386e+07
(80) 7840 -> 6.14656e+07
(81) 7938 -> 6.30118e+07
(82) 8036 -> 6.45773e+07
(83) 8134 -> 6.6162e+07
(84) 8232 -> 6.77658e+07
(85) 8330 -> 6.93889e+07
(86) 8428 -> 7.10312e+07
(87) 8526 -> 7.26927e+07
(88) 8624 -> 7.43734e+07
(89) 8722 -> 7.60733e+07
(90) 8820 -> 7.77924e+07
(91) 8918 -> 7.95307e+07
(92) 9016 -> 8.12883e+07
(93) 9114 -> 8.3065e+07
(94) 9212 -> 8.48609e+07
(95) 9310 -> 8.66761e+07
(96) 9408 -> 8.85105e+07
(97) 9506 -> 9.0364e+07
(98) 9604 -> 9.22368e+07
(99) 9702 -> 9.41288e+07
(100) 9800 -> 9.604e+07
(101) 9898 -> 9.79704e+07
==
|| Execution of lookup in slurm batch script complete.
==
