==
|| Begin Execution of lookup in slurm batch script.
==
Running with array size 10000 on 4 cores
0 -> 0
100 -> 10000
200 -> 40000
300 -> 90000
400 -> 160000
500 -> 250000
600 -> 360000
700 -> 490000
800 -> 640000
900 -> 810000
1000 -> 1e+06
1100 -> 1.21e+06
1200 -> 1.44e+06
1300 -> 1.69e+06
1400 -> 1.96e+06
1500 -> 2.25e+06
1600 -> 2.56e+06
1700 -> 2.89e+06
1800 -> 3.24e+06
1900 -> 3.61e+06
2000 -> 4e+06
2100 -> 4.41e+06
2200 -> 4.84e+06
2300 -> 5.29e+06
2400 -> 5.76e+06
2500 -> 6.25e+06
2600 -> 6.76e+06
2700 -> 7.29e+06
2800 -> 7.84e+06
2900 -> 8.41e+06
3000 -> 9e+06
3100 -> 9.61e+06
3200 -> 1.024e+07
3300 -> 1.089e+07
3400 -> 1.156e+07
3500 -> 1.225e+07
3600 -> 1.296e+07
3700 -> 1.369e+07
3800 -> 1.444e+07
3900 -> 1.521e+07
4000 -> 1.6e+07
4100 -> 1.681e+07
4200 -> 1.764e+07
4300 -> 1.849e+07
4400 -> 1.936e+07
4500 -> 2.025e+07
4600 -> 2.116e+07
4700 -> 2.209e+07
4800 -> 2.304e+07
4900 -> 2.401e+07
5000 -> 2.5e+07
5100 -> 2.601e+07
5200 -> 2.704e+07
5300 -> 2.809e+07
5400 -> 2.916e+07
5500 -> 3.025e+07
5600 -> 3.136e+07
5700 -> 3.249e+07
5800 -> 3.364e+07
5900 -> 3.481e+07
6000 -> 3.6e+07
6100 -> 3.721e+07
6200 -> 3.844e+07
6300 -> 3.969e+07
6400 -> 4.096e+07
6500 -> 4.225e+07
6600 -> 4.356e+07
6700 -> 4.489e+07
6800 -> 4.624e+07
6900 -> 4.761e+07
7000 -> 4.9e+07
7100 -> 5.041e+07
7200 -> 5.184e+07
7300 -> 5.329e+07
7400 -> 5.476e+07
7500 -> 5.625e+07
7600 -> 5.776e+07
7700 -> 5.929e+07
7800 -> 6.084e+07
7900 -> 6.241e+07
8000 -> 6.4e+07
8100 -> 6.561e+07
8200 -> 6.724e+07
8300 -> 6.889e+07
8400 -> 7.056e+07
8500 -> 7.225e+07
8600 -> 7.396e+07
8700 -> 7.569e+07
8800 -> 7.744e+07
8900 -> 7.921e+07
9000 -> 8.1e+07
9100 -> 8.281e+07
9200 -> 8.464e+07
9300 -> 8.649e+07
9400 -> 8.836e+07
9500 -> 9.025e+07
9600 -> 9.216e+07
9700 -> 9.409e+07
9800 -> 9.604e+07
9900 -> 9.801e+07
==
|| Execution of lookup in slurm batch script complete.
==
